# JRE version: OpenJDK Runtime Environment (17.0.6) (build 17.0.6+0-b2043.56-10027231)
# Java VM: OpenJDK 64-Bit Server VM (17.0.6+0-b2043.56-10027231, mixed mode, tiered, compressed oops, compressed class ptrs, g1 gc, windows-amd64)
GC Precious Log:
 CPUs: 12 total, 12 available
 Memory: 6005M
 Large Page Support: Disabled
 NUMA Support: Disabled
 Compressed Oops: Enabled (32-bit)
 Heap Region Size: 1M
 Heap Min Capacity: 8M
 Heap Initial Capacity: 94M
 Heap Max Capacity: 2G
 Pre-touch: Disabled
 Parallel Workers: 10
 Concurrent Workers: 3
 Concurrent Refinement Workers: 10
 Periodic GC: Disabled
Heap:
 garbage-first heap   total 297984K, used 223482K [0x0000000080000000, 0x0000000100000000)
  region size 1024K, 143 young (146432K), 6 survivors (6144K)
 Metaspace       used 94685K, committed 95360K, reserved 1138688K
  class space    used 12548K, committed 12864K, reserved 1048576K
GC Heap History (20 events):
Event: 10.651 GC heap before
{Heap before GC invocations=26 (full 0):
 garbage-first heap   total 113664K, used 88268K [0x0000000080000000, 0x0000000100000000)
  region size 1024K, 36 young (36864K), 1 survivors (1024K)
 Metaspace       used 68039K, committed 68544K, reserved 1114112K
  class space    used 8953K, committed 9152K, reserved 1048576K
}
Event: 10.655 GC heap after
{Heap after GC invocations=27 (full 0):
 garbage-first heap   total 113664K, used 55290K [0x0000000080000000, 0x0000000100000000)
  region size 1024K, 4 young (4096K), 4 survivors (4096K)
 Metaspace       used 68039K, committed 68544K, reserved 1114112K
  class space    used 8953K, committed 9152K, reserved 1048576K
}
Event: 11.068 GC heap before
{Heap before GC invocations=28 (full 0):
 garbage-first heap   total 113664K, used 89082K [0x0000000080000000, 0x0000000100000000)
  region size 1024K, 37 young (37888K), 4 survivors (4096K)
 Metaspace       used 70400K, committed 70848K, reserved 1114112K
  class space    used 9273K, committed 9472K, reserved 1048576K
}
Event: 11.073 GC heap after
{Heap after GC invocations=29 (full 0):
 garbage-first heap   total 113664K, used 57760K [0x0000000080000000, 0x0000000100000000)
  region size 1024K, 3 young (3072K), 3 survivors (3072K)
 Metaspace       used 70400K, committed 70848K, reserved 1114112K
  class space    used 9273K, committed 9472K, reserved 1048576K
}
Event: 11.112 GC heap before
{Heap before GC invocations=29 (full 0):
 garbage-first heap   total 113664K, used 60832K [0x0000000080000000, 0x0000000100000000)
  region size 1024K, 5 young (5120K), 3 survivors (3072K)
 Metaspace       used 70577K, committed 71104K, reserved 1114112K
  class space    used 9291K, committed 9536K, reserved 1048576K
}
Event: 11.115 GC heap after
{Heap after GC invocations=30 (full 0):
 garbage-first heap   total 113664K, used 57673K [0x0000000080000000, 0x0000000100000000)
  region size 1024K, 1 young (1024K), 1 survivors (1024K)
 Metaspace       used 70577K, committed 71104K, reserved 1114112K
  class space    used 9291K, committed 9536K, reserved 1048576K
}
Event: 11.751 GC heap before
{Heap before GC invocations=30 (full 0):
 garbage-first heap   total 113664K, used 90441K [0x0000000080000000, 0x0000000100000000)
  region size 1024K, 33 young (33792K), 1 survivors (1024K)
 Metaspace       used 74604K, committed 75072K, reserved 1114112K
  class space    used 10032K, committed 10240K, reserved 1048576K
}
Event: 11.755 GC heap after
{Heap after GC invocations=31 (full 0):
 garbage-first heap   total 156672K, used 58899K [0x0000000080000000, 0x0000000100000000)
  region size 1024K, 2 young (2048K), 2 survivors (2048K)
 Metaspace       used 74604K, committed 75072K, reserved 1114112K
  class space    used 10032K, committed 10240K, reserved 1048576K
}
Event: 12.949 GC heap before
{Heap before GC invocations=32 (full 0):
 garbage-first heap   total 156672K, used 123411K [0x0000000080000000, 0x0000000100000000)
  region size 1024K, 65 young (66560K), 2 survivors (2048K)
 Metaspace       used 82116K, committed 82752K, reserved 1122304K
  class space    used 11125K, committed 11392K, reserved 1048576K
}
Event: 12.955 GC heap after
{Heap after GC invocations=33 (full 0):
 garbage-first heap   total 156672K, used 63913K [0x0000000080000000, 0x0000000100000000)
  region size 1024K, 7 young (7168K), 7 survivors (7168K)
 Metaspace       used 82116K, committed 82752K, reserved 1122304K
  class space    used 11125K, committed 11392K, reserved 1048576K
}
Event: 12.967 GC heap before
{Heap before GC invocations=33 (full 0):
 garbage-first heap   total 156672K, used 64937K [0x0000000080000000, 0x0000000100000000)
  region size 1024K, 8 young (8192K), 7 survivors (7168K)
 Metaspace       used 82190K, committed 82816K, reserved 1122304K
  class space    used 11134K, committed 11392K, reserved 1048576K
}
Event: 12.972 GC heap after
{Heap after GC invocations=34 (full 0):
 garbage-first heap   total 156672K, used 64024K [0x0000000080000000, 0x0000000100000000)
  region size 1024K, 1 young (1024K), 1 survivors (1024K)
 Metaspace       used 82190K, committed 82816K, reserved 1122304K
  class space    used 11134K, committed 11392K, reserved 1048576K
}
Event: 13.399 GC heap before
{Heap before GC invocations=34 (full 0):
 garbage-first heap   total 156672K, used 121368K [0x0000000080000000, 0x0000000100000000)
  region size 1024K, 57 young (58368K), 1 survivors (1024K)
 Metaspace       used 83529K, committed 84224K, reserved 1122304K
  class space    used 11318K, committed 11648K, reserved 1048576K
}
Event: 13.405 GC heap after
{Heap after GC invocations=35 (full 0):
 garbage-first heap   total 156672K, used 71377K [0x0000000080000000, 0x0000000100000000)
  region size 1024K, 8 young (8192K), 8 survivors (8192K)
 Metaspace       used 83529K, committed 84224K, reserved 1122304K
  class space    used 11318K, committed 11648K, reserved 1048576K
}
Event: 14.135 GC heap before
{Heap before GC invocations=35 (full 0):
 garbage-first heap   total 156672K, used 123601K [0x0000000080000000, 0x0000000100000000)
  region size 1024K, 59 young (60416K), 8 survivors (8192K)
 Metaspace       used 87738K, committed 88384K, reserved 1130496K
  class space    used 11971K, committed 12288K, reserved 1048576K
}
Event: 14.143 GC heap after
{Heap after GC invocations=36 (full 0):
 garbage-first heap   total 156672K, used 78783K [0x0000000080000000, 0x0000000100000000)
  region size 1024K, 8 young (8192K), 8 survivors (8192K)
 Metaspace       used 87738K, committed 88384K, reserved 1130496K
  class space    used 11971K, committed 12288K, reserved 1048576K
}
Event: 14.625 GC heap before
{Heap before GC invocations=36 (full 0):
 garbage-first heap   total 156672K, used 122815K [0x0000000080000000, 0x0000000100000000)
  region size 1024K, 52 young (53248K), 8 survivors (8192K)
 Metaspace       used 88275K, committed 88832K, reserved 1130496K
  class space    used 12013K, committed 12288K, reserved 1048576K
}
Event: 14.634 GC heap after
{Heap after GC invocations=37 (full 0):
 garbage-first heap   total 156672K, used 82154K [0x0000000080000000, 0x0000000100000000)
  region size 1024K, 4 young (4096K), 4 survivors (4096K)
 Metaspace       used 88275K, committed 88832K, reserved 1130496K
  class space    used 12013K, committed 12288K, reserved 1048576K
}
Event: 15.199 GC heap before
{Heap before GC invocations=37 (full 0):
 garbage-first heap   total 156672K, used 125162K [0x0000000080000000, 0x0000000100000000)
  region size 1024K, 47 young (48128K), 4 survivors (4096K)
 Metaspace       used 88850K, committed 89472K, reserved 1130496K
  class space    used 12055K, committed 12352K, reserved 1048576K
}
Event: 15.205 GC heap after
{Heap after GC invocations=38 (full 0):
 garbage-first heap   total 297984K, used 85242K [0x0000000080000000, 0x0000000100000000)
  region size 1024K, 6 young (6144K), 6 survivors (6144K)
 Metaspace       used 88850K, committed 89472K, reserved 1130496K
  class space    used 12055K, committed 12352K, reserved 1048576K
}

