# JRE version: OpenJDK Runtime Environment (11.0.15) (build 11.0.15+0-b2043.56-9505619)
# Java VM: OpenJDK 64-Bit Server VM (11.0.15+0-b2043.56-9505619, mixed mode, tiered, compressed oops, g1 gc, windows-amd64)
Heap:
 garbage-first heap   total 226304K, used 186407K [0x0000000080000000, 0x0000000100000000)
  region size 1024K, 34 young (34816K), 3 survivors (3072K)
 Metaspace       used 123620K, capacity 127406K, committed 127912K, reserved 1161216K
  class space    used 15576K, capacity 17037K, committed 17252K, reserved 1048576K
GC Heap History (20 events):
Event: 1418.764 GC heap before
{Heap before GC invocations=72 (full 0):
 garbage-first heap   total 226304K, used 166012K [0x0000000080000000, 0x0000000100000000)
  region size 1024K, 42 young (43008K), 5 survivors (5120K)
 Metaspace       used 122437K, capacity 126375K, committed 126632K, reserved 1159168K
  class space    used 15639K, capacity 17148K, committed 17252K, reserved 1048576K
}
Event: 1418.961 GC heap after
{Heap after GC invocations=73 (full 0):
 garbage-first heap   total 226304K, used 132570K [0x0000000080000000, 0x0000000100000000)
  region size 1024K, 4 young (4096K), 4 survivors (4096K)
 Metaspace       used 122437K, capacity 126375K, committed 126632K, reserved 1159168K
  class space    used 15639K, capacity 17148K, committed 17252K, reserved 1048576K
}
Event: 1421.469 GC heap before
{Heap before GC invocations=73 (full 0):
 garbage-first heap   total 226304K, used 168410K [0x0000000080000000, 0x0000000100000000)
  region size 1024K, 40 young (40960K), 4 survivors (4096K)
 Metaspace       used 122642K, capacity 126586K, committed 126888K, reserved 1159168K
  class space    used 15639K, capacity 17148K, committed 17252K, reserved 1048576K
}
Event: 1421.571 GC heap after
{Heap after GC invocations=74 (full 0):
 garbage-first heap   total 226304K, used 136687K [0x0000000080000000, 0x0000000100000000)
  region size 1024K, 5 young (5120K), 5 survivors (5120K)
 Metaspace       used 122642K, capacity 126586K, committed 126888K, reserved 1159168K
  class space    used 15639K, capacity 17148K, committed 17252K, reserved 1048576K
}
Event: 1424.528 GC heap before
{Heap before GC invocations=75 (full 0):
 garbage-first heap   total 226304K, used 177647K [0x0000000080000000, 0x0000000100000000)
  region size 1024K, 43 young (44032K), 5 survivors (5120K)
 Metaspace       used 122517K, capacity 126219K, committed 126888K, reserved 1159168K
  class space    used 15557K, capacity 17004K, committed 17252K, reserved 1048576K
}
Event: 1424.608 GC heap after
{Heap after GC invocations=76 (full 0):
 garbage-first heap   total 226304K, used 148452K [0x0000000080000000, 0x0000000100000000)
  region size 1024K, 6 young (6144K), 6 survivors (6144K)
 Metaspace       used 122517K, capacity 126219K, committed 126888K, reserved 1159168K
  class space    used 15557K, capacity 17004K, committed 17252K, reserved 1048576K
}
Event: 1424.705 GC heap before
{Heap before GC invocations=76 (full 0):
 garbage-first heap   total 226304K, used 153572K [0x0000000080000000, 0x0000000100000000)
  region size 1024K, 11 young (11264K), 6 survivors (6144K)
 Metaspace       used 122579K, capacity 126284K, committed 126888K, reserved 1159168K
  class space    used 15557K, capacity 17004K, committed 17252K, reserved 1048576K
}
Event: 1424.744 GC heap after
{Heap after GC invocations=77 (full 0):
 garbage-first heap   total 226304K, used 125056K [0x0000000080000000, 0x0000000100000000)
  region size 1024K, 1 young (1024K), 1 survivors (1024K)
 Metaspace       used 122579K, capacity 126284K, committed 126888K, reserved 1159168K
  class space    used 15557K, capacity 17004K, committed 17252K, reserved 1048576K
}
Event: 1425.288 GC heap before
{Heap before GC invocations=77 (full 0):
 garbage-first heap   total 226304K, used 135296K [0x0000000080000000, 0x0000000100000000)
  region size 1024K, 11 young (11264K), 1 survivors (1024K)
 Metaspace       used 122611K, capacity 126348K, committed 126888K, reserved 1159168K
  class space    used 15557K, capacity 17004K, committed 17252K, reserved 1048576K
}
Event: 1425.314 GC heap after
{Heap after GC invocations=78 (full 0):
 garbage-first heap   total 226304K, used 119861K [0x0000000080000000, 0x0000000100000000)
  region size 1024K, 2 young (2048K), 2 survivors (2048K)
 Metaspace       used 122611K, capacity 126348K, committed 126888K, reserved 1159168K
  class space    used 15557K, capacity 17004K, committed 17252K, reserved 1048576K
}
Event: 1451.138 GC heap before
{Heap before GC invocations=78 (full 0):
 garbage-first heap   total 226304K, used 180277K [0x0000000080000000, 0x0000000100000000)
  region size 1024K, 46 young (47104K), 2 survivors (2048K)
 Metaspace       used 123018K, capacity 126772K, committed 127400K, reserved 1159168K
  class space    used 15573K, capacity 17032K, committed 17252K, reserved 1048576K
}
Event: 1451.561 GC heap after
{Heap after GC invocations=79 (full 0):
 garbage-first heap   total 226304K, used 121837K [0x0000000080000000, 0x0000000100000000)
  region size 1024K, 4 young (4096K), 4 survivors (4096K)
 Metaspace       used 123018K, capacity 126772K, committed 127400K, reserved 1159168K
  class space    used 15573K, capacity 17032K, committed 17252K, reserved 1048576K
}
Event: 1466.275 GC heap before
{Heap before GC invocations=79 (full 0):
 garbage-first heap   total 226304K, used 161773K [0x0000000080000000, 0x0000000100000000)
  region size 1024K, 42 young (43008K), 4 survivors (4096K)
 Metaspace       used 123310K, capacity 127096K, committed 127656K, reserved 1159168K
  class space    used 15584K, capacity 17052K, committed 17252K, reserved 1048576K
}
Event: 1466.490 GC heap after
{Heap after GC invocations=80 (full 0):
 garbage-first heap   total 226304K, used 131270K [0x0000000080000000, 0x0000000100000000)
  region size 1024K, 6 young (6144K), 6 survivors (6144K)
 Metaspace       used 123310K, capacity 127096K, committed 127656K, reserved 1159168K
  class space    used 15584K, capacity 17052K, committed 17252K, reserved 1048576K
}
Event: 1467.652 GC heap before
{Heap before GC invocations=80 (full 0):
 garbage-first heap   total 226304K, used 156870K [0x0000000080000000, 0x0000000100000000)
  region size 1024K, 31 young (31744K), 6 survivors (6144K)
 Metaspace       used 123331K, capacity 127096K, committed 127656K, reserved 1159168K
  class space    used 15584K, capacity 17052K, committed 17252K, reserved 1048576K
}
Event: 1467.899 GC heap after
{Heap after GC invocations=81 (full 0):
 garbage-first heap   total 226304K, used 137589K [0x0000000080000000, 0x0000000100000000)
  region size 1024K, 4 young (4096K), 4 survivors (4096K)
 Metaspace       used 123331K, capacity 127096K, committed 127656K, reserved 1159168K
  class space    used 15584K, capacity 17052K, committed 17252K, reserved 1048576K
}
Event: 1470.692 GC heap before
{Heap before GC invocations=81 (full 0):
 garbage-first heap   total 226304K, used 159093K [0x0000000080000000, 0x0000000100000000)
  region size 1024K, 26 young (26624K), 4 survivors (4096K)
 Metaspace       used 123479K, capacity 127176K, committed 127656K, reserved 1159168K
  class space    used 15585K, capacity 17054K, committed 17252K, reserved 1048576K
}
Event: 1470.752 GC heap after
{Heap after GC invocations=82 (full 0):
 garbage-first heap   total 226304K, used 140021K [0x0000000080000000, 0x0000000100000000)
  region size 1024K, 3 young (3072K), 3 survivors (3072K)
 Metaspace       used 123479K, capacity 127176K, committed 127656K, reserved 1159168K
  class space    used 15585K, capacity 17054K, committed 17252K, reserved 1048576K
}
Event: 1472.176 GC heap before
{Heap before GC invocations=82 (full 0):
 garbage-first heap   total 226304K, used 155381K [0x0000000080000000, 0x0000000100000000)
  region size 1024K, 20 young (20480K), 3 survivors (3072K)
 Metaspace       used 123625K, capacity 127384K, committed 127912K, reserved 1161216K
  class space    used 15586K, capacity 17055K, committed 17252K, reserved 1048576K
}
Event: 1472.257 GC heap after
{Heap after GC invocations=83 (full 0):
 garbage-first heap   total 226304K, used 140327K [0x0000000080000000, 0x0000000100000000)
  region size 1024K, 3 young (3072K), 3 survivors (3072K)
 Metaspace       used 123625K, capacity 127384K, committed 127912K, reserved 1161216K
  class space    used 15586K, capacity 17055K, committed 17252K, reserved 1048576K
}

