# JRE version: OpenJDK Runtime Environment (17.0.6) (build 17.0.6+0-b2043.56-10027231)
# Java VM: OpenJDK 64-Bit Server VM (17.0.6+0-b2043.56-10027231, mixed mode, tiered, compressed oops, compressed class ptrs, g1 gc, windows-amd64)
GC Precious Log:
 CPUs: 12 total, 12 available
 Memory: 6005M
 Large Page Support: Disabled
 NUMA Support: Disabled
 Compressed Oops: Enabled (32-bit)
 Heap Region Size: 1M
 Heap Min Capacity: 8M
 Heap Initial Capacity: 94M
 Heap Max Capacity: 2G
 Pre-touch: Disabled
 Parallel Workers: 10
 Concurrent Workers: 3
 Concurrent Refinement Workers: 10
 Periodic GC: Disabled
Heap:
 garbage-first heap   total 121856K, used 77006K [0x0000000080000000, 0x0000000100000000)
  region size 1024K, 4 young (4096K), 4 survivors (4096K)
 Metaspace       used 86346K, committed 86912K, reserved 1130496K
  class space    used 11619K, committed 11904K, reserved 1048576K
GC Heap History (20 events):
Event: 9.374 GC heap after
{Heap after GC invocations=24 (full 0):
 garbage-first heap   total 99328K, used 53726K [0x0000000080000000, 0x0000000100000000)
  region size 1024K, 4 young (4096K), 4 survivors (4096K)
 Metaspace       used 67776K, committed 68288K, reserved 1114112K
  class space    used 8895K, committed 9152K, reserved 1048576K
}
Event: 9.506 GC heap before
{Heap before GC invocations=25 (full 0):
 garbage-first heap   total 99328K, used 77278K [0x0000000080000000, 0x0000000100000000)
  region size 1024K, 28 young (28672K), 4 survivors (4096K)
 Metaspace       used 67957K, committed 68480K, reserved 1114112K
  class space    used 8928K, committed 9152K, reserved 1048576K
}
Event: 9.511 GC heap after
{Heap after GC invocations=26 (full 0):
 garbage-first heap   total 119808K, used 55075K [0x0000000080000000, 0x0000000100000000)
  region size 1024K, 4 young (4096K), 4 survivors (4096K)
 Metaspace       used 67957K, committed 68480K, reserved 1114112K
  class space    used 8928K, committed 9152K, reserved 1048576K
}
Event: 9.516 GC heap before
{Heap before GC invocations=26 (full 0):
 garbage-first heap   total 119808K, used 56099K [0x0000000080000000, 0x0000000100000000)
  region size 1024K, 5 young (5120K), 4 survivors (4096K)
 Metaspace       used 67957K, committed 68480K, reserved 1114112K
  class space    used 8928K, committed 9152K, reserved 1048576K
}
Event: 9.520 GC heap after
{Heap after GC invocations=27 (full 0):
 garbage-first heap   total 119808K, used 54686K [0x0000000080000000, 0x0000000100000000)
  region size 1024K, 1 young (1024K), 1 survivors (1024K)
 Metaspace       used 67957K, committed 68480K, reserved 1114112K
  class space    used 8928K, committed 9152K, reserved 1048576K
}
Event: 9.894 GC heap before
{Heap before GC invocations=27 (full 0):
 garbage-first heap   total 119808K, used 82334K [0x0000000080000000, 0x0000000100000000)
  region size 1024K, 29 young (29696K), 1 survivors (1024K)
 Metaspace       used 70311K, committed 70848K, reserved 1114112K
  class space    used 9245K, committed 9472K, reserved 1048576K
}
Event: 9.896 GC heap after
{Heap after GC invocations=28 (full 0):
 garbage-first heap   total 119808K, used 56772K [0x0000000080000000, 0x0000000100000000)
  region size 1024K, 3 young (3072K), 3 survivors (3072K)
 Metaspace       used 70311K, committed 70848K, reserved 1114112K
  class space    used 9245K, committed 9472K, reserved 1048576K
}
Event: 10.824 GC heap before
{Heap before GC invocations=29 (full 0):
 garbage-first heap   total 119808K, used 94660K [0x0000000080000000, 0x0000000100000000)
  region size 1024K, 39 young (39936K), 3 survivors (3072K)
 Metaspace       used 74663K, committed 75200K, reserved 1114112K
  class space    used 10024K, committed 10240K, reserved 1048576K
}
Event: 10.831 GC heap after
{Heap after GC invocations=30 (full 0):
 garbage-first heap   total 119808K, used 58416K [0x0000000080000000, 0x0000000100000000)
  region size 1024K, 4 young (4096K), 4 survivors (4096K)
 Metaspace       used 74663K, committed 75200K, reserved 1114112K
  class space    used 10024K, committed 10240K, reserved 1048576K
}
Event: 10.885 GC heap before
{Heap before GC invocations=30 (full 0):
 garbage-first heap   total 119808K, used 59440K [0x0000000080000000, 0x0000000100000000)
  region size 1024K, 5 young (5120K), 4 survivors (4096K)
 Metaspace       used 74790K, committed 75328K, reserved 1114112K
  class space    used 10048K, committed 10304K, reserved 1048576K
}
Event: 10.889 GC heap after
{Heap after GC invocations=31 (full 0):
 garbage-first heap   total 119808K, used 58480K [0x0000000080000000, 0x0000000100000000)
  region size 1024K, 1 young (1024K), 1 survivors (1024K)
 Metaspace       used 74790K, committed 75328K, reserved 1114112K
  class space    used 10048K, committed 10304K, reserved 1048576K
}
Event: 11.581 GC heap before
{Heap before GC invocations=31 (full 0):
 garbage-first heap   total 119808K, used 95344K [0x0000000080000000, 0x0000000100000000)
  region size 1024K, 37 young (37888K), 1 survivors (1024K)
 Metaspace       used 78059K, committed 78592K, reserved 1122304K
  class space    used 10508K, committed 10752K, reserved 1048576K
}
Event: 11.585 GC heap after
{Heap after GC invocations=32 (full 0):
 garbage-first heap   total 119808K, used 61109K [0x0000000080000000, 0x0000000100000000)
  region size 1024K, 4 young (4096K), 4 survivors (4096K)
 Metaspace       used 78059K, committed 78592K, reserved 1122304K
  class space    used 10508K, committed 10752K, reserved 1048576K
}
Event: 12.381 GC heap before
{Heap before GC invocations=33 (full 0):
 garbage-first heap   total 119808K, used 95925K [0x0000000080000000, 0x0000000100000000)
  region size 1024K, 38 young (38912K), 4 survivors (4096K)
 Metaspace       used 83744K, committed 84288K, reserved 1122304K
  class space    used 11299K, committed 11520K, reserved 1048576K
}
Event: 12.386 GC heap after
{Heap after GC invocations=34 (full 0):
 garbage-first heap   total 119808K, used 63424K [0x0000000080000000, 0x0000000100000000)
  region size 1024K, 3 young (3072K), 3 survivors (3072K)
 Metaspace       used 83744K, committed 84288K, reserved 1122304K
  class space    used 11299K, committed 11520K, reserved 1048576K
}
Event: 12.917 GC heap before
{Heap before GC invocations=34 (full 0):
 garbage-first heap   total 119808K, used 97216K [0x0000000080000000, 0x0000000100000000)
  region size 1024K, 36 young (36864K), 3 survivors (3072K)
 Metaspace       used 85461K, committed 86016K, reserved 1130496K
  class space    used 11540K, committed 11776K, reserved 1048576K
}
Event: 12.921 GC heap after
{Heap after GC invocations=35 (full 0):
 garbage-first heap   total 119808K, used 66843K [0x0000000080000000, 0x0000000100000000)
  region size 1024K, 5 young (5120K), 5 survivors (5120K)
 Metaspace       used 85461K, committed 86016K, reserved 1130496K
  class space    used 11540K, committed 11776K, reserved 1048576K
}
Event: 13.120 GC heap before
{Heap before GC invocations=36 (full 0):
 garbage-first heap   total 121856K, used 97563K [0x0000000080000000, 0x0000000100000000)
  region size 1024K, 35 young (35840K), 5 survivors (5120K)
 Metaspace       used 85525K, committed 86080K, reserved 1130496K
  class space    used 11544K, committed 11776K, reserved 1048576K
}
Event: 13.127 GC heap after
{Heap after GC invocations=37 (full 0):
 garbage-first heap   total 121856K, used 72090K [0x0000000080000000, 0x0000000100000000)
  region size 1024K, 5 young (5120K), 5 survivors (5120K)
 Metaspace       used 85525K, committed 86080K, reserved 1130496K
  class space    used 11544K, committed 11776K, reserved 1048576K
}
Event: 13.304 GC heap before
{Heap before GC invocations=37 (full 0):
 garbage-first heap   total 121856K, used 89498K [0x0000000080000000, 0x0000000100000000)
  region size 1024K, 24 young (24576K), 5 survivors (5120K)
 Metaspace       used 86346K, committed 86912K, reserved 1130496K
  class space    used 11619K, committed 11904K, reserved 1048576K
}

